{"name": "Login using valid mobile number and otp", "status": "broken", "statusDetails": {"message": "selenium.common.exceptions.ElementNotInteractableException: Message: element not interactable\n  (Session info: chrome=111.0.5563.64)\nStacktrace:\nBacktrace:\n\t(No symbol) [0x0035DCE3]\n\t(No symbol) [0x002F39D1]\n\t(No symbol) [0x00204C70]\n\t(No symbol) [0x002310D6]\n\t(No symbol) [0x00228D05]\n\t(No symbol) [0x0024AECC]\n\t(No symbol) [0x00228726]\n\t(No symbol) [0x0024B224]\n\t(No symbol) [0x0025D57C]\n\t(No symbol) [0x0024ACC6]\n\t(No symbol) [0x00226F68]\n\t(No symbol) [0x002280CD]\n\tGetHandleVerifier [0x005D3832+2506274]\n\tGetHandleVerifier [0x00609794+2727300]\n\tGetHandleVerifier [0x0060E36C+2746716]\n\tGetHandleVerifier [0x00406690+617600]\n\t(No symbol) [0x002FC712]\n\t(No symbol) [0x00301FF8]\n\t(No symbol) [0x003020DB]\n\t(No symbol) [0x0030C63B]\n\tBaseThreadInitThunk [0x761000F9+25]\n\tRtlGetAppContainerNamedObjectPath [0x77A57BBE+286]\n\tRtlGetAppContainerNamedObjectPath [0x77A57B8E+238]\n\n", "trace": "  File \"C:\\Users\\APRINCE\\PycharmProjects\\pythonProject2\\venv\\lib\\site-packages\\behave\\model.py\", line 1329, in run\n    match.run(runner.context)\n  File \"C:\\Users\\APRINCE\\PycharmProjects\\pythonProject2\\venv\\lib\\site-packages\\behave\\matchers.py\", line 98, in run\n    self.func(context, *args, **kwargs)\n  File \"features\\steps\\login.py\", line 50, in step_impl\n    context.driver.find_element(By.XPATH, \"//*[@id=\\\"verifyOtpDiv\\\"]/div[2]/div[3]/button\").click()\n  File \"C:\\Users\\APRINCE\\PycharmProjects\\pythonProject2\\venv\\lib\\site-packages\\selenium\\webdriver\\remote\\webelement.py\", line 93, in click\n    self._execute(Command.CLICK_ELEMENT)\n  File \"C:\\Users\\APRINCE\\PycharmProjects\\pythonProject2\\venv\\lib\\site-packages\\selenium\\webdriver\\remote\\webelement.py\", line 403, in _execute\n    return self._parent.execute(command, params)\n  File \"C:\\Users\\APRINCE\\PycharmProjects\\pythonProject2\\venv\\lib\\site-packages\\selenium\\webdriver\\remote\\webdriver.py\", line 440, in execute\n    self.error_handler.check_response(response)\n  File \"C:\\Users\\APRINCE\\PycharmProjects\\pythonProject2\\venv\\lib\\site-packages\\selenium\\webdriver\\remote\\errorhandler.py\", line 245, in check_response\n    raise exception_class(message, screen, stacktrace)\n"}, "steps": [{"name": "Given I open the Application URL in the Browser", "status": "passed", "start": 1678714050239, "stop": 1678714057749}, {"name": "And I click the login tab", "status": "passed", "start": 1678714057750, "stop": 1678714060871}, {"name": "When I open the login page", "status": "passed", "start": 1678714060872, "stop": 1678714067043}, {"name": "And I enter mobile number and otp", "status": "broken", "statusDetails": {"message": "selenium.common.exceptions.ElementNotInteractableException: Message: element not interactable\n  (Session info: chrome=111.0.5563.64)\nStacktrace:\nBacktrace:\n\t(No symbol) [0x0035DCE3]\n\t(No symbol) [0x002F39D1]\n\t(No symbol) [0x00204C70]\n\t(No symbol) [0x002310D6]\n\t(No symbol) [0x00228D05]\n\t(No symbol) [0x0024AECC]\n\t(No symbol) [0x00228726]\n\t(No symbol) [0x0024B224]\n\t(No symbol) [0x0025D57C]\n\t(No symbol) [0x0024ACC6]\n\t(No symbol) [0x00226F68]\n\t(No symbol) [0x002280CD]\n\tGetHandleVerifier [0x005D3832+2506274]\n\tGetHandleVerifier [0x00609794+2727300]\n\tGetHandleVerifier [0x0060E36C+2746716]\n\tGetHandleVerifier [0x00406690+617600]\n\t(No symbol) [0x002FC712]\n\t(No symbol) [0x00301FF8]\n\t(No symbol) [0x003020DB]\n\t(No symbol) [0x0030C63B]\n\tBaseThreadInitThunk [0x761000F9+25]\n\tRtlGetAppContainerNamedObjectPath [0x77A57BBE+286]\n\tRtlGetAppContainerNamedObjectPath [0x77A57B8E+238]\n\n", "trace": "  File \"C:\\Users\\APRINCE\\PycharmProjects\\pythonProject2\\venv\\lib\\site-packages\\behave\\model.py\", line 1329, in run\n    match.run(runner.context)\n  File \"C:\\Users\\APRINCE\\PycharmProjects\\pythonProject2\\venv\\lib\\site-packages\\behave\\matchers.py\", line 98, in run\n    self.func(context, *args, **kwargs)\n  File \"features\\steps\\login.py\", line 50, in step_impl\n    context.driver.find_element(By.XPATH, \"//*[@id=\\\"verifyOtpDiv\\\"]/div[2]/div[3]/button\").click()\n  File \"C:\\Users\\APRINCE\\PycharmProjects\\pythonProject2\\venv\\lib\\site-packages\\selenium\\webdriver\\remote\\webelement.py\", line 93, in click\n    self._execute(Command.CLICK_ELEMENT)\n  File \"C:\\Users\\APRINCE\\PycharmProjects\\pythonProject2\\venv\\lib\\site-packages\\selenium\\webdriver\\remote\\webelement.py\", line 403, in _execute\n    return self._parent.execute(command, params)\n  File \"C:\\Users\\APRINCE\\PycharmProjects\\pythonProject2\\venv\\lib\\site-packages\\selenium\\webdriver\\remote\\webdriver.py\", line 440, in execute\n    self.error_handler.check_response(response)\n  File \"C:\\Users\\APRINCE\\PycharmProjects\\pythonProject2\\venv\\lib\\site-packages\\selenium\\webdriver\\remote\\errorhandler.py\", line 245, in check_response\n    raise exception_class(message, screen, stacktrace)\n"}, "start": 1678714067043, "stop": 1678714067232}, {"name": "Then I should get logged in", "status": "skipped", "start": 1678714067232, "stop": 1678714067232}], "start": 1678714050239, "stop": 1678714067232, "uuid": "71fae24a-db0d-4b92-a6bb-bfe3e4791333", "historyId": "2e00c25ae301be804ae5ccd401fd852c", "fullName": "Login Functionality: Login using valid mobile number and otp", "labels": [{"name": "severity", "value": "normal"}, {"name": "feature", "value": "Login Functionality"}, {"name": "framework", "value": "behave"}, {"name": "language", "value": "cpython3"}]}